Build started 10/11/2015 15:23:20.
     1>Project "D:\Projects\ATM\ATM\ATM.vcxproj" on node 2 (Build target(s)).
     1>ClCompile:
         C:\Program Files (x86)\Microsoft Visual Studio 12.0\VC\bin\CL.exe /c /ZI /nologo /W3 /WX- /Od /Oy- /D WIN32 /D _DEBUG /D _CONSOLE /D _LIB /D _UNICODE /D UNICODE /Gm /EHsc /RTC1 /MDd /GS /fp:precise /Zc:wchar_t /Zc:forScope /Fo"Debug\\" /Fd"Debug\vc120.pdb" /Gd /TP /analyze- /errorReport:prompt Source.cpp
         Source.cpp
     1>d:\projects\atm\atm\the.h(40): warning C4018: '<' : signed/unsigned mismatch
     1>d:\projects\atm\atm\hethongnganhang.h(7): warning C4067: unexpected tokens following preprocessor directive - expected a newline
       Link:
         C:\Program Files (x86)\Microsoft Visual Studio 12.0\VC\bin\link.exe /ERRORREPORT:PROMPT /OUT:"D:\Projects\ATM\Debug\ATM.exe" /INCREMENTAL /NOLOGO kernel32.lib user32.lib gdi32.lib winspool.lib comdlg32.lib advapi32.lib shell32.lib ole32.lib oleaut32.lib uuid.lib odbc32.lib odbccp32.lib /MANIFEST /MANIFESTUAC:"level='asInvoker' uiAccess='false'" /manifest:embed /DEBUG /PDB:"D:\Projects\ATM\Debug\ATM.pdb" /SUBSYSTEM:CONSOLE /TLBID:1 /DYNAMICBASE /NXCOMPAT /IMPLIB:"D:\Projects\ATM\Debug\ATM.lib" /MACHINE:X86 Debug\ChuyenKhoan.obj
         Debug\GiaoDich.obj
         Debug\GiaoDichPos.obj
         Debug\NganHang.obj
         Debug\NopTien.obj
         Debug\RutTien.obj
         Debug\Source.obj
         Debug\TruyVan.obj
         Debug\Viecombank.obj
         Debug\Xacombank.obj
         ATM.vcxproj -> D:\Projects\ATM\Debug\ATM.exe
     1>Done Building Project "D:\Projects\ATM\ATM\ATM.vcxproj" (Build target(s)).

Build succeeded.

Time Elapsed 00:00:01.37
